#
# There is insufficient memory for the Java Runtime Environment to continue.
# Native memory allocation (malloc) failed to allocate 32744 bytes for ChunkPool::allocate
# Possible reasons:
#   The system is out of physical RAM or swap space
#   In 32 bit mode, the process size limit was hit
# Possible solutions:
#   Reduce memory load on the system
#   Increase physical memory or swap space
#   Check if swap backing store is full
#   Use 64 bit Java on a 64 bit OS
#   Decrease Java heap size (-Xmx/-Xms)
#   Decrease number of Java threads
#   Decrease Java thread stack sizes (-Xss)
#   Set larger code cache with -XX:ReservedCodeCacheSize=
# This output file may be truncated or incomplete.
#
#  Out of Memory Error (allocation.cpp:273), pid=118284, tid=0x0000000000026098
#
# JRE version: Java(TM) SE Runtime Environment (8.0_191-b12) (build 1.8.0_191-b12)
# Java VM: Java HotSpot(TM) 64-Bit Server VM (25.191-b12 mixed mode windows-amd64 compressed oops)
# Failed to write core dump. Minidumps are not enabled by default on client versions of Windows
#

---------------  T H R E A D  ---------------

Current thread (0x0000000018b9f800):  JavaThread "C2 CompilerThread1" daemon [_thread_in_native, id=155800, stack(0x0000000019370000,0x0000000019470000)]

Stack: [0x0000000019370000,0x0000000019470000]
[error occurred during error reporting (printing stack bounds), id 0xc0000005]

Native frames: (J=compiled Java code, j=interpreted, Vv=VM code, C=native code)


Current CompileTask:
C2:   6750 3051       4       org.springframework.asm.ClassReader::readCode (5085 bytes)


---------------  P R O C E S S  ---------------

Java Threads: ( => current thread )
  0x0000000018c21000 JavaThread "Service Thread" daemon [_thread_blocked, id=158420, stack(0x0000000019570000,0x0000000019670000)]
  0x0000000018ba8800 JavaThread "C1 CompilerThread2" daemon [_thread_in_native, id=149092, stack(0x0000000019470000,0x0000000019570000)]
=>0x0000000018b9f800 JavaThread "C2 CompilerThread1" daemon [_thread_in_native, id=155800, stack(0x0000000019370000,0x0000000019470000)]
  0x0000000018b9b000 JavaThread "C2 CompilerThread0" daemon [_thread_in_native, id=157712, stack(0x0000000019270000,0x0000000019370000)]
  0x0000000018b8f800 JavaThread "Monitor Ctrl-Break" daemon [_thread_in_native, id=156016, stack(0x0000000019170000,0x0000000019270000)]
  0x0000000017836800 JavaThread "Attach Listener" daemon [_thread_blocked, id=156600, stack(0x0000000019070000,0x0000000019170000)]
  0x000000001787e800 JavaThread "Signal Dispatcher" daemon [_thread_blocked, id=155420, stack(0x0000000018f70000,0x0000000019070000)]
  0x0000000002d6c000 JavaThread "Finalizer" daemon [_thread_blocked, id=158632, stack(0x0000000018a70000,0x0000000018b70000)]
  0x0000000002d69000 JavaThread "Reference Handler" daemon [_thread_blocked, id=158652, stack(0x0000000018970000,0x0000000018a70000)]
  0x0000000002c77000 JavaThread "main" [_thread_in_vm, id=158448, stack(0x0000000002a70000,0x0000000002b70000)]

Other Threads:
  0x00000000177e7000 VMThread [stack: 0x0000000018870000,0x0000000018970000] [id=158440]
  0x0000000018c58000 WatcherThread [stack: 0x0000000019670000,0x0000000019770000] [id=157612]

VM state:not at safepoint (normal execution)

VM Mutex/Monitor currently owned by a thread: None

Heap:
 PSYoungGen      total 137728K, used 18043K [0x00000000d6200000, 0x00000000e1480000, 0x0000000100000000)
  eden space 129536K, 7% used [0x00000000d6200000,0x00000000d6b9fbe8,0x00000000de080000)
  from space 8192K, 99% used [0x00000000de080000,0x00000000de87f248,0x00000000de880000)
  to   space 10240K, 0% used [0x00000000e0a80000,0x00000000e0a80000,0x00000000e1480000)
 ParOldGen       total 55296K, used 9492K [0x0000000082600000, 0x0000000085c00000, 0x00000000d6200000)
  object space 55296K, 17% used [0x0000000082600000,0x0000000082f451f8,0x0000000085c00000)
 Metaspace       used 31314K, capacity 32408K, committed 32512K, reserved 1077248K
  class space    used 4019K, capacity 4252K, committed 4352K, reserved 1048576K

Card table byte_map: [0x0000000012130000,0x0000000012520000] byte_map_base: 0x0000000011d1d000

Marking Bits: (ParMarkBitMap*) 0x0000000066353e30
 Begin Bits: [0x0000000012bc0000, 0x0000000014b28000)
 End Bits:   [0x0000000014b28000, 0x0000000016a90000)

Polling page: 0x00000000005f0000

CodeCache: size=245760Kb used=12095Kb max_used=12095Kb free=233664Kb
 bounds [0x0000000002d70000, 0x0000000003950000, 0x0000000011d70000]
 total_blobs=3644 nmethods=3230 adapters=326
 compilation: enabled

Compilation events (10 events):
Event: 6.714 Thread 0x0000000018ba8800 nmethod 3238 0x0000000003934850 code [0x0000000003934a00, 0x0000000003934fe8]
Event: 6.714 Thread 0x0000000018ba8800 3239   !   3       java.lang.invoke.CallSite::makeSite (457 bytes)
Event: 6.720 Thread 0x0000000018ba8800 nmethod 3239 0x0000000003935210 code [0x0000000003935840, 0x000000000393a888]
Event: 6.726 Thread 0x0000000018ba8800 3240       3       java.lang.invoke.InnerClassLambdaMetafactory::<init> (262 bytes)
Event: 6.729 Thread 0x0000000018ba8800 nmethod 3240 0x000000000393df90 code [0x000000000393e3c0, 0x00000000039411c8]
Event: 6.732 Thread 0x0000000018ba8800 3241       3       java.lang.invoke.MethodHandles$Lookup::lookupModes (8 bytes)
Event: 6.732 Thread 0x0000000018ba8800 nmethod 3241 0x0000000003942f10 code [0x0000000003943060, 0x00000000039431b0]
Event: 6.733 Thread 0x0000000018ba8800 3242   !   3       java.lang.invoke.MethodHandles$Lookup::revealDirect (202 bytes)
Event: 6.734 Thread 0x0000000018ba8800 nmethod 3242 0x0000000003943210 code [0x0000000003943540, 0x00000000039451e8]
Event: 6.741 Thread 0x0000000018ba8800 3243       3       java.lang.invoke.AbstractValidatingLambdaMetafactory::validateMetafactoryArgs (864 bytes)

GC Heap History (10 events):
Event: 2.664 GC heap before
{Heap before GC invocations=4 (full 0):
 PSYoungGen      total 37888K, used 37882K [0x00000000d6200000, 0x00000000dac00000, 0x0000000100000000)
  eden space 32768K, 100% used [0x00000000d6200000,0x00000000d8200000,0x00000000d8200000)
  from space 5120K, 99% used [0x00000000d8200000,0x00000000d86fe860,0x00000000d8700000)
  to   space 5120K, 0% used [0x00000000da700000,0x00000000da700000,0x00000000dac00000)
 ParOldGen       total 86016K, used 924K [0x0000000082600000, 0x0000000087a00000, 0x00000000d6200000)
  object space 86016K, 1% used [0x0000000082600000,0x00000000826e7310,0x0000000087a00000)
 Metaspace       used 17950K, capacity 18448K, committed 18688K, reserved 1064960K
  class space    used 2360K, capacity 2512K, committed 2560K, reserved 1048576K
Event: 2.675 GC heap after
Heap after GC invocations=4 (full 0):
 PSYoungGen      total 70656K, used 5114K [0x00000000d6200000, 0x00000000dac00000, 0x0000000100000000)
  eden space 65536K, 0% used [0x00000000d6200000,0x00000000d6200000,0x00000000da200000)
  from space 5120K, 99% used [0x00000000da700000,0x00000000dabfe8e8,0x00000000dac00000)
  to   space 5120K, 0% used [0x00000000da200000,0x00000000da200000,0x00000000da700000)
 ParOldGen       total 86016K, used 2551K [0x0000000082600000, 0x0000000087a00000, 0x00000000d6200000)
  object space 86016K, 2% used [0x0000000082600000,0x000000008287de48,0x0000000087a00000)
 Metaspace       used 17950K, capacity 18448K, committed 18688K, reserved 1064960K
  class space    used 2360K, capacity 2512K, committed 2560K, reserved 1048576K
}
Event: 3.000 GC heap before
{Heap before GC invocations=5 (full 0):
 PSYoungGen      total 70656K, used 28279K [0x00000000d6200000, 0x00000000dac00000, 0x0000000100000000)
  eden space 65536K, 35% used [0x00000000d6200000,0x00000000d789f710,0x00000000da200000)
  from space 5120K, 99% used [0x00000000da700000,0x00000000dabfe8e8,0x00000000dac00000)
  to   space 5120K, 0% used [0x00000000da200000,0x00000000da200000,0x00000000da700000)
 ParOldGen       total 86016K, used 2551K [0x0000000082600000, 0x0000000087a00000, 0x00000000d6200000)
  object space 86016K, 2% used [0x0000000082600000,0x000000008287de48,0x0000000087a00000)
 Metaspace       used 20622K, capacity 21164K, committed 21248K, reserved 1067008K
  class space    used 2661K, capacity 2798K, committed 2816K, reserved 1048576K
Event: 3.016 GC heap after
Heap after GC invocations=5 (full 0):
 PSYoungGen      total 70656K, used 5092K [0x00000000d6200000, 0x00000000df200000, 0x0000000100000000)
  eden space 65536K, 0% used [0x00000000d6200000,0x00000000d6200000,0x00000000da200000)
  from space 5120K, 99% used [0x00000000da200000,0x00000000da6f9088,0x00000000da700000)
  to   space 8192K, 0% used [0x00000000dea00000,0x00000000dea00000,0x00000000df200000)
 ParOldGen       total 86016K, used 4637K [0x0000000082600000, 0x0000000087a00000, 0x00000000d6200000)
  object space 86016K, 5% used [0x0000000082600000,0x0000000082a87740,0x0000000087a00000)
 Metaspace       used 20622K, capacity 21164K, committed 21248K, reserved 1067008K
  class space    used 2661K, capacity 2798K, committed 2816K, reserved 1048576K
}
Event: 3.016 GC heap before
{Heap before GC invocations=6 (full 1):
 PSYoungGen      total 70656K, used 5092K [0x00000000d6200000, 0x00000000df200000, 0x0000000100000000)
  eden space 65536K, 0% used [0x00000000d6200000,0x00000000d6200000,0x00000000da200000)
  from space 5120K, 99% used [0x00000000da200000,0x00000000da6f9088,0x00000000da700000)
  to   space 8192K, 0% used [0x00000000dea00000,0x00000000dea00000,0x00000000df200000)
 ParOldGen       total 86016K, used 4637K [0x0000000082600000, 0x0000000087a00000, 0x00000000d6200000)
  object space 86016K, 5% used [0x0000000082600000,0x0000000082a87740,0x0000000087a00000)
 Metaspace       used 20622K, capacity 21164K, committed 21248K, reserved 1067008K
  class space    used 2661K, capacity 2798K, committed 2816K, reserved 1048576K
Event: 3.061 GC heap after
Heap after GC invocations=6 (full 1):
 PSYoungGen      total 70656K, used 0K [0x00000000d6200000, 0x00000000df200000, 0x0000000100000000)
  eden space 65536K, 0% used [0x00000000d6200000,0x00000000d6200000,0x00000000da200000)
  from space 5120K, 0% used [0x00000000da200000,0x00000000da200000,0x00000000da700000)
  to   space 8192K, 0% used [0x00000000dea00000,0x00000000dea00000,0x00000000df200000)
 ParOldGen       total 55296K, used 7036K [0x0000000082600000, 0x0000000085c00000, 0x00000000d6200000)
  object space 55296K, 12% used [0x0000000082600000,0x0000000082cdf3c0,0x0000000085c00000)
 Metaspace       used 20622K, capacity 21164K, committed 21248K, reserved 1067008K
  class space    used 2661K, capacity 2798K, committed 2816K, reserved 1048576K
}
Event: 3.979 GC heap before
{Heap before GC invocations=7 (full 1):
 PSYoungGen      total 70656K, used 65536K [0x00000000d6200000, 0x00000000df200000, 0x0000000100000000)
  eden space 65536K, 100% used [0x00000000d6200000,0x00000000da200000,0x00000000da200000)
  from space 5120K, 0% used [0x00000000da200000,0x00000000da200000,0x00000000da700000)
  to   space 8192K, 0% used [0x00000000dea00000,0x00000000dea00000,0x00000000df200000)
 ParOldGen       total 55296K, used 7036K [0x0000000082600000, 0x0000000085c00000, 0x00000000d6200000)
  object space 55296K, 12% used [0x0000000082600000,0x0000000082cdf3c0,0x0000000085c00000)
 Metaspace       used 25446K, capacity 26234K, committed 26368K, reserved 1073152K
  class space    used 3266K, capacity 3463K, committed 3584K, reserved 1048576K
Event: 3.992 GC heap after
Heap after GC invocations=7 (full 1):
 PSYoungGen      total 111104K, used 6538K [0x00000000d6200000, 0x00000000df080000, 0x0000000100000000)
  eden space 104448K, 0% used [0x00000000d6200000,0x00000000d6200000,0x00000000dc800000)
  from space 6656K, 98% used [0x00000000dea00000,0x00000000df0628a8,0x00000000df080000)
  to   space 8192K, 0% used [0x00000000de080000,0x00000000de080000,0x00000000de880000)
 ParOldGen       total 55296K, used 7044K [0x0000000082600000, 0x0000000085c00000, 0x00000000d6200000)
  object space 55296K, 12% used [0x0000000082600000,0x0000000082ce13c0,0x0000000085c00000)
 Metaspace       used 25446K, capacity 26234K, committed 26368K, reserved 1073152K
  class space    used 3266K, capacity 3463K, committed 3584K, reserved 1048576K
}
Event: 6.505 GC heap before
{Heap before GC invocations=8 (full 1):
 PSYoungGen      total 111104K, used 110986K [0x00000000d6200000, 0x00000000df080000, 0x0000000100000000)
  eden space 104448K, 100% used [0x00000000d6200000,0x00000000dc800000,0x00000000dc800000)
  from space 6656K, 98% used [0x00000000dea00000,0x00000000df0628a8,0x00000000df080000)
  to   space 8192K, 0% used [0x00000000de080000,0x00000000de080000,0x00000000de880000)
 ParOldGen       total 55296K, used 7044K [0x0000000082600000, 0x0000000085c00000, 0x00000000d6200000)
  object space 55296K, 12% used [0x0000000082600000,0x0000000082ce13c0,0x0000000085c00000)
 Metaspace       used 31169K, capacity 32246K, committed 32512K, reserved 1077248K
  class space    used 4007K, capacity 4245K, committed 4352K, reserved 1048576K
Event: 6.525 GC heap after
Heap after GC invocations=8 (full 1):
 PSYoungGen      total 137728K, used 8188K [0x00000000d6200000, 0x00000000e1480000, 0x0000000100000000)
  eden space 129536K, 0% used [0x00000000d6200000,0x00000000d6200000,0x00000000de080000)
  from space 8192K, 99% used [0x00000000de080000,0x00000000de87f248,0x00000000de880000)
  to   space 10240K, 0% used [0x00000000e0a80000,0x00000000e0a80000,0x00000000e1480000)
 ParOldGen       total 55296K, used 9492K [0x0000000082600000, 0x0000000085c00000, 0x00000000d6200000)
  object space 55296K, 17% used [0x0000000082600000,0x0000000082f451f8,0x0000000085c00000)
 Metaspace       used 31169K, capacity 32246K, committed 32512K, reserved 1077248K
  class space    used 4007K, capacity 4245K, committed 4352K, reserved 1048576K
}

Deoptimization events (10 events):
Event: 5.510 Thread 0x0000000002c77000 Uncommon trap: reason=unstable_if action=reinterpret pc=0x000000000321a168 method=org.springframework.boot.context.properties.source.ConfigurationPropertyName$ElementsParser.parse(Ljava/util/function/Function;)Lorg/springframework/boot/context/properties/
Event: 5.510 Thread 0x0000000002c77000 Uncommon trap: reason=unstable_if action=reinterpret pc=0x00000000031defe8 method=org.springframework.boot.context.properties.source.ConfigurationPropertyName$ElementsParser.updateType(Lorg/springframework/boot/context/properties/source/ConfigurationPrope
Event: 6.381 Thread 0x0000000002c77000 Uncommon trap: reason=unstable_if action=reinterpret pc=0x0000000003422234 method=org.springframework.util.ObjectUtils.nullSafeEquals(Ljava/lang/Object;Ljava/lang/Object;)Z @ 8
Event: 6.381 Thread 0x0000000002c77000 Uncommon trap: reason=unstable_if action=reinterpret pc=0x000000000384d0d0 method=org.springframework.boot.context.properties.source.ConfigurationPropertyName.equals(Ljava/lang/Object;)Z @ 8
Event: 6.579 Thread 0x0000000002c77000 Uncommon trap: reason=class_check action=maybe_recompile pc=0x000000000356719c method=java.util.concurrent.ConcurrentHashMap.putVal(Ljava/lang/Object;Ljava/lang/Object;Z)Ljava/lang/Object; @ 192
Event: 6.585 Thread 0x0000000002c77000 Uncommon trap: reason=class_check action=maybe_recompile pc=0x000000000356719c method=java.util.concurrent.ConcurrentHashMap.putVal(Ljava/lang/Object;Ljava/lang/Object;Z)Ljava/lang/Object; @ 192
Event: 6.585 Thread 0x0000000002c77000 Uncommon trap: reason=class_check action=maybe_recompile pc=0x000000000356719c method=java.util.concurrent.ConcurrentHashMap.putVal(Ljava/lang/Object;Ljava/lang/Object;Z)Ljava/lang/Object; @ 192
Event: 6.585 Thread 0x0000000002c77000 Uncommon trap: reason=unstable_if action=reinterpret pc=0x0000000003812938 method=java.util.concurrent.ConcurrentHashMap.get(Ljava/lang/Object;)Ljava/lang/Object; @ 152
Event: 6.612 Thread 0x0000000002c77000 Uncommon trap: reason=unstable_if action=reinterpret pc=0x00000000038e88f4 method=java.lang.Class.searchMethods([Ljava/lang/reflect/Method;Ljava/lang/String;[Ljava/lang/Class;)Ljava/lang/reflect/Method; @ 47
Event: 6.621 Thread 0x0000000002c77000 Uncommon trap: reason=unstable_if action=reinterpret pc=0x0000000003855f38 method=org.springframework.beans.factory.support.AbstractBeanFactory.isTypeMatch(Ljava/lang/String;Lorg/springframework/core/ResolvableType;)Z @ 530

Classes redefined (0 events):
No events

Internal exceptions (10 events):
Event: 6.628 Thread 0x0000000002c77000 Exception <a 'java/lang/ClassNotFoundException': org/springframework/boot/autoconfigure/jdbc/DataSourceInitializerInvokerCustomizer> (0x00000000d683e428) thrown at [C:\re\workspace\8-2-build-windows-amd64-cygwin\jdk8u191\11896\hotspot\src\share\vm\classfi
Event: 6.629 Thread 0x0000000002c77000 Exception <a 'java/lang/ClassNotFoundException': org/springframework/context/ApplicationListenerCustomizer> (0x00000000d685fb88) thrown at [C:\re\workspace\8-2-build-windows-amd64-cygwin\jdk8u191\11896\hotspot\src\share\vm\classfile\systemDictionary.cpp, 
Event: 6.630 Thread 0x0000000002c77000 Exception <a 'java/lang/ClassNotFoundException': java/util/EventListenerCustomizer> (0x00000000d686ab90) thrown at [C:\re\workspace\8-2-build-windows-amd64-cygwin\jdk8u191\11896\hotspot\src\share\vm\classfile\systemDictionary.cpp, line 210]
Event: 6.630 Thread 0x0000000002c77000 Exception <a 'java/lang/ClassNotFoundException': org/springframework/beans/factory/InitializingBeanCustomizer> (0x00000000d6886590) thrown at [C:\re\workspace\8-2-build-windows-amd64-cygwin\jdk8u191\11896\hotspot\src\share\vm\classfile\systemDictionary.cp
Event: 6.701 Thread 0x0000000002c77000 Exception <a 'java/lang/ClassNotFoundException': java/lang/ObjectCustomizer> (0x00000000d69bd220) thrown at [C:\re\workspace\8-2-build-windows-amd64-cygwin\jdk8u191\11896\hotspot\src\share\vm\classfile\systemDictionary.cpp, line 210]
Event: 6.701 Thread 0x0000000002c77000 Exception <a 'java/lang/ClassNotFoundException': org/mybatis/spring/SqlSessionFactoryBeanCustomizer> (0x00000000d69d8e58) thrown at [C:\re\workspace\8-2-build-windows-amd64-cygwin\jdk8u191\11896\hotspot\src\share\vm\classfile\systemDictionary.cpp, line 21
Event: 6.709 Thread 0x0000000002c77000 Exception <a 'java/lang/ClassNotFoundException': org/springframework/beans/factory/FactoryBeanCustomizer> (0x00000000d6a49bd0) thrown at [C:\re\workspace\8-2-build-windows-amd64-cygwin\jdk8u191\11896\hotspot\src\share\vm\classfile\systemDictionary.cpp, li
Event: 6.710 Thread 0x0000000002c77000 Exception <a 'java/lang/ClassNotFoundException': org/springframework/beans/factory/InitializingBeanCustomizer> (0x00000000d6a69660) thrown at [C:\re\workspace\8-2-build-windows-amd64-cygwin\jdk8u191\11896\hotspot\src\share\vm\classfile\systemDictionary.cp
Event: 6.710 Thread 0x0000000002c77000 Exception <a 'java/lang/ClassNotFoundException': org/springframework/context/ApplicationListenerCustomizer> (0x00000000d6a84750) thrown at [C:\re\workspace\8-2-build-windows-amd64-cygwin\jdk8u191\11896\hotspot\src\share\vm\classfile\systemDictionary.cpp, 
Event: 6.710 Thread 0x0000000002c77000 Exception <a 'java/lang/ClassNotFoundException': java/util/EventListenerCustomizer> (0x00000000d6a8f378) thrown at [C:\re\workspace\8-2-build-windows-amd64-cygwin\jdk8u191\11896\hotspot\src\share\vm\classfile\systemDictionary.cpp, line 210]

Events (10 events):
Event: 6.712 loading class org/apache/ibatis/session/Configuration
Event: 6.712 loading class org/apache/ibatis/session/Configuration done
Event: 6.713 loading class org/apache/ibatis/reflection/wrapper/ObjectWrapperFactory
Event: 6.713 loading class org/apache/ibatis/reflection/wrapper/ObjectWrapperFactory done
Event: 6.713 loading class org/apache/ibatis/reflection/wrapper/ObjectWrapperFactory
Event: 6.713 loading class org/apache/ibatis/reflection/wrapper/ObjectWrapperFactory done
Event: 6.713 loading class org/apache/ibatis/session/Configuration
Event: 6.713 loading class org/apache/ibatis/session/Configuration done
Event: 6.713 loading class org/apache/ibatis/session/Configuration
Event: 6.713 loading class org/apache/ibatis/session/Configuration done


Dynamic libraries:
0x00007ff7de7a0000 - 0x00007ff7de7d7000 	C:\Java\jdk1.8.0_191\bin\java.exe
0x00007ff8ce9c0000 - 0x00007ff8cebb0000 	C:\WINDOWS\SYSTEM32\ntdll.dll
0x00007ff8cdc90000 - 0x00007ff8cdd42000 	C:\WINDOWS\System32\KERNEL32.DLL
0x00007ff8cbd80000 - 0x00007ff8cc024000 	C:\WINDOWS\System32\KERNELBASE.dll
0x00007ff8cd430000 - 0x00007ff8cd4d3000 	C:\WINDOWS\System32\ADVAPI32.dll
0x00007ff8ce480000 - 0x00007ff8ce51e000 	C:\WINDOWS\System32\msvcrt.dll
0x00007ff8cd590000 - 0x00007ff8cd627000 	C:\WINDOWS\System32\sechost.dll
0x00007ff8ce020000 - 0x00007ff8ce140000 	C:\WINDOWS\System32\RPCRT4.dll
0x00007ff8ce520000 - 0x00007ff8ce6b4000 	C:\WINDOWS\System32\USER32.dll
0x00007ff8cbbb0000 - 0x00007ff8cbbd1000 	C:\WINDOWS\System32\win32u.dll
0x00007ff8cddc0000 - 0x00007ff8cdde6000 	C:\WINDOWS\System32\GDI32.dll
0x00007ff8cbbe0000 - 0x00007ff8cbd74000 	C:\WINDOWS\System32\gdi32full.dll
0x00007ff8cc1b0000 - 0x00007ff8cc24e000 	C:\WINDOWS\System32\msvcp_win.dll
0x00007ff8cba50000 - 0x00007ff8cbb4a000 	C:\WINDOWS\System32\ucrtbase.dll
0x00007ff8b60b0000 - 0x00007ff8b6334000 	C:\WINDOWS\WinSxS\amd64_microsoft.windows.common-controls_6595b64144ccf1df_6.0.18362.836_none_e6c4b943130f18ed\COMCTL32.dll
0x00007ff8ce140000 - 0x00007ff8ce476000 	C:\WINDOWS\System32\combase.dll
0x00007ff8cc250000 - 0x00007ff8cc2d0000 	C:\WINDOWS\System32\bcryptPrimitives.dll
0x00007ff8cdc60000 - 0x00007ff8cdc8e000 	C:\WINDOWS\System32\IMM32.DLL
0x00000000663e0000 - 0x00000000664b2000 	C:\Java\jdk1.8.0_191\jre\bin\msvcr100.dll
0x0000000065b30000 - 0x00000000663d4000 	C:\Java\jdk1.8.0_191\jre\bin\server\jvm.dll
0x00007ff8ccbf0000 - 0x00007ff8ccbf8000 	C:\WINDOWS\System32\PSAPI.DLL
0x00007ff8b3630000 - 0x00007ff8b3639000 	C:\WINDOWS\SYSTEM32\WSOCK32.dll
0x00007ff8cdd50000 - 0x00007ff8cddbf000 	C:\WINDOWS\System32\WS2_32.dll
0x00007ff8c2ef0000 - 0x00007ff8c2f14000 	C:\WINDOWS\SYSTEM32\WINMM.dll
0x00007ff8c2430000 - 0x00007ff8c243a000 	C:\WINDOWS\SYSTEM32\VERSION.dll
0x00007ff8c2ec0000 - 0x00007ff8c2eed000 	C:\WINDOWS\SYSTEM32\WINMMBASE.dll
0x00007ff8cba00000 - 0x00007ff8cba4a000 	C:\WINDOWS\System32\cfgmgr32.dll
0x00000000683c0000 - 0x00000000683cf000 	C:\Java\jdk1.8.0_191\jre\bin\verify.dll
0x0000000065b00000 - 0x0000000065b29000 	C:\Java\jdk1.8.0_191\jre\bin\java.dll
0x0000000065a70000 - 0x0000000065a93000 	C:\Java\jdk1.8.0_191\jre\bin\instrument.dll
0x0000000065ae0000 - 0x0000000065af6000 	C:\Java\jdk1.8.0_191\jre\bin\zip.dll
0x00007ff8ccd40000 - 0x00007ff8cd424000 	C:\WINDOWS\System32\SHELL32.dll
0x00007ff8ce8d0000 - 0x00007ff8ce979000 	C:\WINDOWS\System32\shcore.dll
0x00007ff8cc2f0000 - 0x00007ff8cca6e000 	C:\WINDOWS\System32\windows.storage.dll
0x00007ff8cb8b0000 - 0x00007ff8cb8d3000 	C:\WINDOWS\System32\profapi.dll
0x00007ff8cb900000 - 0x00007ff8cb94a000 	C:\WINDOWS\System32\powrprof.dll
0x00007ff8cb880000 - 0x00007ff8cb890000 	C:\WINDOWS\System32\UMPDC.dll
0x00007ff8cdc00000 - 0x00007ff8cdc52000 	C:\WINDOWS\System32\shlwapi.dll
0x00007ff8cb8e0000 - 0x00007ff8cb8f1000 	C:\WINDOWS\System32\kernel.appcore.dll
0x00007ff8cc2d0000 - 0x00007ff8cc2e7000 	C:\WINDOWS\System32\cryptsp.dll
0x00007ff8bb380000 - 0x00007ff8bb39a000 	D:\Program Files\JetBrains\IntelliJ IDEA 2019.3\bin\breakgen64.dll
0x0000000065ac0000 - 0x0000000065ada000 	C:\Java\jdk1.8.0_191\jre\bin\net.dll
0x00007ff8cb0f0000 - 0x00007ff8cb157000 	C:\WINDOWS\system32\mswsock.dll
0x0000000065aa0000 - 0x0000000065ab1000 	C:\Java\jdk1.8.0_191\jre\bin\nio.dll
0x00000000683b0000 - 0x00000000683bd000 	C:\Java\jdk1.8.0_191\jre\bin\management.dll
0x00007ff8ab950000 - 0x00007ff8ab966000 	C:\WINDOWS\system32\napinsp.dll
0x00007ff8ab930000 - 0x00007ff8ab94a000 	C:\WINDOWS\system32\pnrpnsp.dll
0x00007ff8cae50000 - 0x00007ff8caf1b000 	C:\WINDOWS\SYSTEM32\DNSAPI.dll
0x00007ff8cdbf0000 - 0x00007ff8cdbf8000 	C:\WINDOWS\System32\NSI.dll
0x00007ff8cae00000 - 0x00007ff8cae3a000 	C:\WINDOWS\SYSTEM32\IPHLPAPI.DLL
0x00007ff8ab920000 - 0x00007ff8ab92e000 	C:\WINDOWS\System32\winrnr.dll
0x00007ff8c7430000 - 0x00007ff8c744c000 	C:\WINDOWS\system32\NLAapi.dll
0x00007ff8c70e0000 - 0x00007ff8c70f5000 	C:\WINDOWS\system32\wshbth.dll
0x00007ff8be260000 - 0x00007ff8be26a000 	C:\Windows\System32\rasadhlp.dll
0x00007ff8c3380000 - 0x00007ff8c33f7000 	C:\WINDOWS\System32\fwpuclnt.dll
0x00007ff8cc180000 - 0x00007ff8cc1a6000 	C:\WINDOWS\System32\bcrypt.dll

VM Arguments:
jvm_args: -ea -Didea.test.cyclic.buffer.size=1048576 -javaagent:D:\Program Files\JetBrains\IntelliJ IDEA 2019.3\lib\idea_rt.jar=59790:D:\Program Files\JetBrains\IntelliJ IDEA 2019.3\bin -Dfile.encoding=UTF-8 
java_command: com.intellij.rt.junit.JUnitStarter -ideVersion5 -junit4 xmu.vis.mapper.NodeTypeMapperTest,test
java_class_path (initial): D:\Program Files\JetBrains\IntelliJ IDEA 2019.3\lib\idea_rt.jar;D:\Program Files\JetBrains\IntelliJ IDEA 2019.3\plugins\junit\lib\junit5-rt.jar;D:\Program Files\JetBrains\IntelliJ IDEA 2019.3\plugins\junit\lib\junit-rt.jar;C:\Java\jdk1.8.0_191\jre\lib\charsets.jar;C:\Java\jdk1.8.0_191\jre\lib\deploy.jar;C:\Java\jdk1.8.0_191\jre\lib\ext\access-bridge-64.jar;C:\Java\jdk1.8.0_191\jre\lib\ext\cldrdata.jar;C:\Java\jdk1.8.0_191\jre\lib\ext\dnsns.jar;C:\Java\jdk1.8.0_191\jre\lib\ext\jaccess.jar;C:\Java\jdk1.8.0_191\jre\lib\ext\jfxrt.jar;C:\Java\jdk1.8.0_191\jre\lib\ext\localedata.jar;C:\Java\jdk1.8.0_191\jre\lib\ext\nashorn.jar;C:\Java\jdk1.8.0_191\jre\lib\ext\sunec.jar;C:\Java\jdk1.8.0_191\jre\lib\ext\sunjce_provider.jar;C:\Java\jdk1.8.0_191\jre\lib\ext\sunmscapi.jar;C:\Java\jdk1.8.0_191\jre\lib\ext\sunpkcs11.jar;C:\Java\jdk1.8.0_191\jre\lib\ext\zipfs.jar;C:\Java\jdk1.8.0_191\jre\lib\javaws.jar;C:\Java\jdk1.8.0_191\jre\lib\jce.jar;C:\Java\jdk1.8.0_191\jre\lib\jfr.jar;C:\Java\jdk1.8.0_191\jre\lib\jfxswt.jar;C:\Java\jdk1.8.0_191\jre\lib\jsse.jar;C:\Java\jdk1.8.0_191\jre\lib\management-agent.jar;C:\Java\jdk1.8.0_191\jre\lib\plugin.jar;C:\Java\jdk1.8.0_191\jre\lib\resources.jar;C:\Java\jdk1.8.0_191\jre\lib\rt.jar;D:\In XMU\rongrongji\project\KnowledgeGraphVis\KnowledgeGraphVis-mysql\target\test-classes;D:\In XMU\rongrongji\project\KnowledgeGraphVis\KnowledgeGraphVis-mysql\target\classes;C:\Users\LENOVO\.m2\repository\org\springframework\boot\spring-boot-starter-web\2.1.4.RELEASE\spring-boot-starter-web-2.1.4.RELEASE.jar;C:\Users\LENOVO\.m2\repository\org\springframework\boot\spring-boot-starter\2.1.4.RELEASE\spring-boot-starter-2.1.4.RELEASE.jar;C:\Users\LENOVO\.m2\repository\org\springframework\boot\spring-boot-starter-logging\2.1.4.RELEASE\spring-boot-starter-logging-2.1.4.RELEASE.jar;C:\Users\LENOVO\.m2\repository\ch\qos\logback\logback-classic\1.2.3\logback-classic-1.2.3.jar;C:\Users\LENOVO\.m2\repository\ch\qos\logback\logback-core\1.2.3\logb
Launcher Type: SUN_STANDARD

Environment Variables:
JAVA_HOME=C:\Java\jdk1.8.0_191
CLASSPATH=.;C:\Java\jdk1.8.0_191\lib\dt.jar;C:\Java\jdk1.8.0_191\lib\tools.jar;  
PATH=C:\Program Files (x86)\Common Files\Intel\Shared Libraries\redist\intel64\compiler;C:\Program Files (x86)\Common Files\Oracle\Java\javapath;C:\WINDOWS\system32;C:\WINDOWS;C:\WINDOWS\System32\Wbem;C:\WINDOWS\System32\WindowsPowerShell\v1.0\;C:\Program Files\Microsoft SQL Server\110\Tools\Binn\;C:\WINDOWS\System32\OpenSSH\;C:\Java\jdk1.8.0_191\bin;C:\Java\jdk1.8.0_191\jre\bin;C:\maven\apache-maven-3.6.0\bin;C:\LLVM\bin;C:\Program Files\dotnet\;C:\Program Files\nodejs\;C:\Program Files\Git\cmd;C:\Users\LENOVO\AppData\Local\Programs\Python\Python37;D:\python;D:\python\Scripts;D:\python\Library\bin;C:\Users\LENOVO\AppData\Roaming\npm;D:\Program Files (x86)\CTEX\UserData\miktex\bin;D:\Program Files (x86)\CTEX\MiKTeX\miktex\bin;D:\Program Files (x86)\CTEX\CTeX\ctex\bin;D:\Program Files (x86)\CTEX\CTeX\cct\bin;D:\Program Files (x86)\CTEX\CTeX\ty\bin;D:\Program Files (x86)\CTEX\Ghostscript\gs9.05\bin;D:\Program Files (x86)\CTEX\GSview\gsview;D:\Program Files (x86)\CTEX\WinEdt;D:\Program Files\mysql-8.0.17-winx64\bin;C:\Program Files\Microsoft SQL Server\110\DTS\Binn\;C:\Program Files (x86)\Microsoft SQL Server\110\Tools\Binn\;C:\Program Files (x86)\Microsoft SQL Server\110\Tools\Binn\ManagementStudio\;C:\Program Files (x86)\Microsoft Visual Studio 10.0\Common7\IDE\PrivateAssemblies\;C:\Program Files (x86)\Microsoft SQL Server\110\DTS\Binn\;C:\Windows\System32\WindowsPowerShell\v1.0;D:\Program Files\neo4j-community-3.4.6\bin;C:\Program Files\MySQL\MySQL Shell 8.0\bin\;D:\Users\LENOVO\AppData\Local\Programs\Microsoft VS Code\bin;C:\Users\LENOVO\AppData\Local\Microsoft\WindowsApps
USERNAME=LENOVO
OS=Windows_NT
PROCESSOR_IDENTIFIER=Intel64 Family 6 Model 142 Stepping 9, GenuineIntel



---------------  S Y S T E M  ---------------

OS: Windows 10.0 , 64 bit Build 18362 (10.0.18362.778)

CPU:total 4 (initial active 4) (2 cores per cpu, 2 threads per core) family 6 model 142 stepping 9, cmov, cx8, fxsr, mmx, sse, sse2, sse3, ssse3, sse4.1, sse4.2, popcnt, avx, avx2, aes, clmul, erms, 3dnowpref, lzcnt, ht, tsc, tscinvbit, bmi1, bmi2, adx

Memory: 4k page, physical 8227852k(784744k free), swap 14020732k(4044k free)

vm_info: Java HotSpot(TM) 64-Bit Server VM (25.191-b12) for windows-amd64 JRE (1.8.0_191-b12), built on Oct  6 2018 09:29:03 by "java_re" with MS VC++ 10.0 (VS2010)

time: Wed Jun 10 11:41:25 2020
elapsed time: 6 seconds (0d 0h 0m 6s)

